-------------------------------------------------------------------------------
Test set: CatalogueUnitTest
-------------------------------------------------------------------------------
Tests run: 2, Failures: 0, Errors: 2, Skipped: 0, Time elapsed: 5.516 sec <<< FAILURE!
CatalogueUnitTest  Time elapsed: 5.438 sec  <<< ERROR!
java.lang.ClassNotFoundException: messages.catalogue.MySerializable
	at java.base/jdk.internal.loader.BuiltinClassLoader.loadClass(BuiltinClassLoader.java:581)
	at java.base/jdk.internal.loader.ClassLoaders$AppClassLoader.loadClass(ClassLoaders.java:178)
	at java.base/java.lang.ClassLoader.loadClass(ClassLoader.java:522)
	at java.base/java.lang.Class.forName0(Native Method)
	at java.base/java.lang.Class.forName(Class.java:398)
	at akka.actor.ReflectiveDynamicAccess.$anonfun$getClassFor$1(ReflectiveDynamicAccess.scala:22)
	at scala.util.Try$.apply(Try.scala:213)
	at akka.actor.ReflectiveDynamicAccess.getClassFor(ReflectiveDynamicAccess.scala:21)
	at akka.serialization.Serialization.$anonfun$bindings$3(Serialization.scala:454)
	at scala.collection.TraversableLike$WithFilter.$anonfun$map$2(TraversableLike.scala:742)
	at scala.collection.immutable.HashMap$HashMap1.foreach(HashMap.scala:234)
	at scala.collection.immutable.HashMap$HashTrieMap.foreach(HashMap.scala:465)
	at scala.collection.immutable.HashMap$HashTrieMap.foreach(HashMap.scala:465)
	at scala.collection.TraversableLike$WithFilter.map(TraversableLike.scala:741)
	at akka.serialization.Serialization.<init>(Serialization.scala:452)
	at akka.serialization.SerializationExtension$.createExtension(SerializationExtension.scala:16)
	at akka.serialization.SerializationExtension$.createExtension(SerializationExtension.scala:13)
	at akka.actor.ActorSystemImpl.registerExtension(ActorSystem.scala:1071)
	at akka.actor.ActorSystemImpl.$anonfun$loadExtensions$1(ActorSystem.scala:1109)
	at scala.collection.Iterator.foreach(Iterator.scala:941)
	at scala.collection.Iterator.foreach$(Iterator.scala:941)
	at scala.collection.AbstractIterator.foreach(Iterator.scala:1429)
	at scala.collection.IterableLike.foreach(IterableLike.scala:74)
	at scala.collection.IterableLike.foreach$(IterableLike.scala:73)
	at scala.collection.AbstractIterable.foreach(Iterable.scala:56)
	at akka.actor.ActorSystemImpl.loadExtensions$1(ActorSystem.scala:1105)
	at akka.actor.ActorSystemImpl.loadExtensions(ActorSystem.scala:1121)
	at akka.actor.ActorSystemImpl.liftedTree2$1(ActorSystem.scala:969)
	at akka.actor.ActorSystemImpl._start$lzycompute(ActorSystem.scala:957)
	at akka.actor.ActorSystemImpl._start(ActorSystem.scala:957)
	at akka.actor.ActorSystemImpl.start(ActorSystem.scala:979)
	at akka.actor.ActorSystem$.apply(ActorSystem.scala:278)
	at akka.actor.ActorSystem$.apply(ActorSystem.scala:322)
	at akka.actor.ActorSystem$.apply(ActorSystem.scala:266)
	at akka.actor.ActorSystem$.apply(ActorSystem.scala:257)
	at akka.actor.ActorSystem$.create(ActorSystem.scala:187)
	at akka.actor.ActorSystem.create(ActorSystem.scala)
	at CatalogueUnitTest.setup(CatalogueUnitTest.java:26)
	at java.base/jdk.internal.reflect.NativeMethodAccessorImpl.invoke0(Native Method)
	at java.base/jdk.internal.reflect.NativeMethodAccessorImpl.invoke(NativeMethodAccessorImpl.java:62)
	at java.base/jdk.internal.reflect.DelegatingMethodAccessorImpl.invoke(DelegatingMethodAccessorImpl.java:43)
	at java.base/java.lang.reflect.Method.invoke(Method.java:566)
	at org.junit.runners.model.FrameworkMethod$1.runReflectiveCall(FrameworkMethod.java:59)
	at org.junit.internal.runners.model.ReflectiveCallable.run(ReflectiveCallable.java:12)
	at org.junit.runners.model.FrameworkMethod.invokeExplosively(FrameworkMethod.java:56)
	at org.junit.internal.runners.statements.RunBefores.invokeMethod(RunBefores.java:33)
	at org.junit.internal.runners.statements.RunBefores.evaluate(RunBefores.java:24)
	at org.junit.internal.runners.statements.RunAfters.evaluate(RunAfters.java:27)
	at org.junit.runners.ParentRunner$3.evaluate(ParentRunner.java:306)
	at org.junit.runners.ParentRunner.run(ParentRunner.java:413)
	at org.apache.maven.surefire.junit4.JUnit4Provider.execute(JUnit4Provider.java:252)
	at org.apache.maven.surefire.junit4.JUnit4Provider.executeTestSet(JUnit4Provider.java:141)
	at org.apache.maven.surefire.junit4.JUnit4Provider.invoke(JUnit4Provider.java:112)
	at java.base/jdk.internal.reflect.NativeMethodAccessorImpl.invoke0(Native Method)
	at java.base/jdk.internal.reflect.NativeMethodAccessorImpl.invoke(NativeMethodAccessorImpl.java:62)
	at java.base/jdk.internal.reflect.DelegatingMethodAccessorImpl.invoke(DelegatingMethodAccessorImpl.java:43)
	at java.base/java.lang.reflect.Method.invoke(Method.java:566)
	at org.apache.maven.surefire.util.ReflectionUtils.invokeMethodWithArray(ReflectionUtils.java:189)
	at org.apache.maven.surefire.booter.ProviderFactory$ProviderProxy.invoke(ProviderFactory.java:165)
	at org.apache.maven.surefire.booter.ProviderFactory.invokeProvider(ProviderFactory.java:85)
	at org.apache.maven.surefire.booter.ForkedBooter.runSuitesInProcess(ForkedBooter.java:115)
	at org.apache.maven.surefire.booter.ForkedBooter.main(ForkedBooter.java:75)

CatalogueUnitTest  Time elapsed: 5.476 sec  <<< ERROR!
java.lang.NullPointerException
	at akka.testkit.TestKit$.shutdownActorSystem(TestKit.scala:967)
	at akka.testkit.javadsl.TestKit$.shutdownActorSystem(TestKit.scala:858)
	at akka.testkit.javadsl.TestKit$.shutdownActorSystem(TestKit.scala:866)
	at akka.testkit.javadsl.TestKit.shutdownActorSystem(TestKit.scala)
	at CatalogueUnitTest.teardown(CatalogueUnitTest.java:33)
	at java.base/jdk.internal.reflect.NativeMethodAccessorImpl.invoke0(Native Method)
	at java.base/jdk.internal.reflect.NativeMethodAccessorImpl.invoke(NativeMethodAccessorImpl.java:62)
	at java.base/jdk.internal.reflect.DelegatingMethodAccessorImpl.invoke(DelegatingMethodAccessorImpl.java:43)
	at java.base/java.lang.reflect.Method.invoke(Method.java:566)
	at org.junit.runners.model.FrameworkMethod$1.runReflectiveCall(FrameworkMethod.java:59)
	at org.junit.internal.runners.model.ReflectiveCallable.run(ReflectiveCallable.java:12)
	at org.junit.runners.model.FrameworkMethod.invokeExplosively(FrameworkMethod.java:56)
	at org.junit.internal.runners.statements.RunAfters.invokeMethod(RunAfters.java:46)
	at org.junit.internal.runners.statements.RunAfters.evaluate(RunAfters.java:33)
	at org.junit.runners.ParentRunner$3.evaluate(ParentRunner.java:306)
	at org.junit.runners.ParentRunner.run(ParentRunner.java:413)
	at org.apache.maven.surefire.junit4.JUnit4Provider.execute(JUnit4Provider.java:252)
	at org.apache.maven.surefire.junit4.JUnit4Provider.executeTestSet(JUnit4Provider.java:141)
	at org.apache.maven.surefire.junit4.JUnit4Provider.invoke(JUnit4Provider.java:112)
	at java.base/jdk.internal.reflect.NativeMethodAccessorImpl.invoke0(Native Method)
	at java.base/jdk.internal.reflect.NativeMethodAccessorImpl.invoke(NativeMethodAccessorImpl.java:62)
	at java.base/jdk.internal.reflect.DelegatingMethodAccessorImpl.invoke(DelegatingMethodAccessorImpl.java:43)
	at java.base/java.lang.reflect.Method.invoke(Method.java:566)
	at org.apache.maven.surefire.util.ReflectionUtils.invokeMethodWithArray(ReflectionUtils.java:189)
	at org.apache.maven.surefire.booter.ProviderFactory$ProviderProxy.invoke(ProviderFactory.java:165)
	at org.apache.maven.surefire.booter.ProviderFactory.invokeProvider(ProviderFactory.java:85)
	at org.apache.maven.surefire.booter.ForkedBooter.runSuitesInProcess(ForkedBooter.java:115)
	at org.apache.maven.surefire.booter.ForkedBooter.main(ForkedBooter.java:75)

