<?xml version="1.0" encoding="UTF-8" ?>
<testsuite tests="2" failures="0" name="CatalogueUnitTest" time="10.914" errors="2" skipped="0">
  <properties>
    <property name="java.runtime.name" value="OpenJDK Runtime Environment"/>
    <property name="java.vm.version" value="11.0.12+7"/>
    <property name="sun.boot.library.path" value="C:\Program Files\Java11\jdk-11.0.12+7\bin"/>
    <property name="maven.multiModuleProjectDirectory" value="C:\Users\janee\Desktop\DistSys\no2\quoco-pops"/>
    <property name="java.vm.vendor" value="Microsoft"/>
    <property name="java.vendor.url" value="https://www.microsoft.com"/>
    <property name="guice.disable.misplaced.annotation.check" value="true"/>
    <property name="path.separator" value=";"/>
    <property name="java.vm.name" value="OpenJDK 64-Bit Server VM"/>
    <property name="sun.os.patch.level" value=""/>
    <property name="user.script" value=""/>
    <property name="user.country" value="IE"/>
    <property name="sun.java.launcher" value="SUN_STANDARD"/>
    <property name="java.vm.specification.name" value="Java Virtual Machine Specification"/>
    <property name="user.dir" value="C:\Users\janee\Desktop\DistSys\no2\quoco-pops"/>
    <property name="java.vm.compressedOopsMode" value="32-bit"/>
    <property name="java.runtime.version" value="11.0.12+7"/>
    <property name="java.awt.graphicsenv" value="sun.awt.Win32GraphicsEnvironment"/>
    <property name="os.arch" value="amd64"/>
    <property name="java.io.tmpdir" value="C:\Users\janee\AppData\Local\Temp\"/>
    <property name="line.separator" value="
"/>
    <property name="java.vm.specification.vendor" value="Oracle Corporation"/>
    <property name="user.variant" value=""/>
    <property name="os.name" value="Windows 10"/>
    <property name="classworlds.conf" value="C:\Program Files (x86)\Maven\apache-maven-3.8.2-bin\apache-maven-3.8.2\bin\m2.conf"/>
    <property name="sun.jnu.encoding" value="Cp1252"/>
    <property name="java.library.path" value="C:\Program Files\Java11\jdk-11.0.12+7\bin;C:\WINDOWS\Sun\Java\bin;C:\WINDOWS\system32;C:\WINDOWS;C:\WINDOWS\system32;C:\WINDOWS;C:\WINDOWS\System32\Wbem;C:\WINDOWS\System32\WindowsPowerShell\v1.0\;C:\WINDOWS\System32\OpenSSH\;C:\Program Files\Git\cmd;C:\Program Files\MySQL\MySQL Server 8.0\bin;C:\Program Files\Make;C:\ProgramData\chocolatey\bin;C:\Program Files\nodejs\;C:\Program Files (x86)\Symantec\VIP Access Client\;C:\Program Files (x86)\Maven\apache-maven-3.8.2-bin\apache-maven-3.8.2\bin;C:\Program Files\Java11\jdk-11.0.12+7\bin;C:\Program Files (x86)\ChromeDriver;;C:\Program Files (x86)\PharosSystems\Core;C:\Program Files\Docker\Docker\resources\bin;C:\ProgramData\DockerDesktop\version-bin;C:\Users\janee\AppData\Local\Microsoft\WindowsApps;C:\Users\janee\AppData\Local\Programs\Microsoft VS Code\bin;C:\Users\janee\AppData\Local\Programs\Python\Python39;C:\Users\janee\AppData\Local\Programs\Python\Python39\Scripts;C:\Users\janee\AppData\Local\Microsoft\WindowsApps;C:\Users\janee\AppData\Roaming\npm;."/>
    <property name="maven.conf" value="C:\Program Files (x86)\Maven\apache-maven-3.8.2-bin\apache-maven-3.8.2/conf"/>
    <property name="jdk.debug" value="release"/>
    <property name="java.class.version" value="55.0"/>
    <property name="java.specification.name" value="Java Platform API Specification"/>
    <property name="sun.management.compiler" value="HotSpot 64-Bit Tiered Compilers"/>
    <property name="os.version" value="10.0"/>
    <property name="user.home" value="C:\Users\janee"/>
    <property name="user.timezone" value="Europe/London"/>
    <property name="java.awt.printerjob" value="sun.awt.windows.WPrinterJob"/>
    <property name="file.encoding" value="Cp1252"/>
    <property name="java.specification.version" value="11"/>
    <property name="user.name" value="janee"/>
    <property name="java.class.path" value="C:\Program Files (x86)\Maven\apache-maven-3.8.2-bin\apache-maven-3.8.2\boot\plexus-classworlds-2.6.0.jar"/>
    <property name="java.vm.specification.version" value="11"/>
    <property name="sun.arch.data.model" value="64"/>
    <property name="sun.java.command" value="org.codehaus.plexus.classworlds.launcher.Launcher clean install"/>
    <property name="java.home" value="C:\Program Files\Java11\jdk-11.0.12+7"/>
    <property name="user.language" value="en"/>
    <property name="java.specification.vendor" value="Oracle Corporation"/>
    <property name="awt.toolkit" value="sun.awt.windows.WToolkit"/>
    <property name="java.vm.info" value="mixed mode"/>
    <property name="java.version" value="11.0.12"/>
    <property name="java.vendor" value="Microsoft"/>
    <property name="sun.stderr.encoding" value="cp850"/>
    <property name="maven.home" value="C:\Program Files (x86)\Maven\apache-maven-3.8.2-bin\apache-maven-3.8.2"/>
    <property name="file.separator" value="\"/>
    <property name="java.version.date" value="2021-07-20"/>
    <property name="java.vendor.url.bug" value="https://github.com/microsoft/openjdk/issues"/>
    <property name="sun.io.unicode.encoding" value="UnicodeLittle"/>
    <property name="sun.cpu.endian" value="little"/>
    <property name="java.vendor.version" value="Microsoft-25199"/>
    <property name="sun.stdout.encoding" value="cp850"/>
    <property name="sun.desktop" value="windows"/>
    <property name="sun.cpu.isalist" value="amd64"/>
  </properties>
  <testcase classname="CatalogueUnitTest" name="CatalogueUnitTest" time="5.438">
    <error message="messages.catalogue.MySerializable" type="java.lang.ClassNotFoundException">java.lang.ClassNotFoundException: messages.catalogue.MySerializable
	at java.base/jdk.internal.loader.BuiltinClassLoader.loadClass(BuiltinClassLoader.java:581)
	at java.base/jdk.internal.loader.ClassLoaders$AppClassLoader.loadClass(ClassLoaders.java:178)
	at java.base/java.lang.ClassLoader.loadClass(ClassLoader.java:522)
	at java.base/java.lang.Class.forName0(Native Method)
	at java.base/java.lang.Class.forName(Class.java:398)
	at akka.actor.ReflectiveDynamicAccess.$anonfun$getClassFor$1(ReflectiveDynamicAccess.scala:22)
	at scala.util.Try$.apply(Try.scala:213)
	at akka.actor.ReflectiveDynamicAccess.getClassFor(ReflectiveDynamicAccess.scala:21)
	at akka.serialization.Serialization.$anonfun$bindings$3(Serialization.scala:454)
	at scala.collection.TraversableLike$WithFilter.$anonfun$map$2(TraversableLike.scala:742)
	at scala.collection.immutable.HashMap$HashMap1.foreach(HashMap.scala:234)
	at scala.collection.immutable.HashMap$HashTrieMap.foreach(HashMap.scala:465)
	at scala.collection.immutable.HashMap$HashTrieMap.foreach(HashMap.scala:465)
	at scala.collection.TraversableLike$WithFilter.map(TraversableLike.scala:741)
	at akka.serialization.Serialization.&lt;init&gt;(Serialization.scala:452)
	at akka.serialization.SerializationExtension$.createExtension(SerializationExtension.scala:16)
	at akka.serialization.SerializationExtension$.createExtension(SerializationExtension.scala:13)
	at akka.actor.ActorSystemImpl.registerExtension(ActorSystem.scala:1071)
	at akka.actor.ActorSystemImpl.$anonfun$loadExtensions$1(ActorSystem.scala:1109)
	at scala.collection.Iterator.foreach(Iterator.scala:941)
	at scala.collection.Iterator.foreach$(Iterator.scala:941)
	at scala.collection.AbstractIterator.foreach(Iterator.scala:1429)
	at scala.collection.IterableLike.foreach(IterableLike.scala:74)
	at scala.collection.IterableLike.foreach$(IterableLike.scala:73)
	at scala.collection.AbstractIterable.foreach(Iterable.scala:56)
	at akka.actor.ActorSystemImpl.loadExtensions$1(ActorSystem.scala:1105)
	at akka.actor.ActorSystemImpl.loadExtensions(ActorSystem.scala:1121)
	at akka.actor.ActorSystemImpl.liftedTree2$1(ActorSystem.scala:969)
	at akka.actor.ActorSystemImpl._start$lzycompute(ActorSystem.scala:957)
	at akka.actor.ActorSystemImpl._start(ActorSystem.scala:957)
	at akka.actor.ActorSystemImpl.start(ActorSystem.scala:979)
	at akka.actor.ActorSystem$.apply(ActorSystem.scala:278)
	at akka.actor.ActorSystem$.apply(ActorSystem.scala:322)
	at akka.actor.ActorSystem$.apply(ActorSystem.scala:266)
	at akka.actor.ActorSystem$.apply(ActorSystem.scala:257)
	at akka.actor.ActorSystem$.create(ActorSystem.scala:187)
	at akka.actor.ActorSystem.create(ActorSystem.scala)
	at CatalogueUnitTest.setup(CatalogueUnitTest.java:26)
	at java.base/jdk.internal.reflect.NativeMethodAccessorImpl.invoke0(Native Method)
	at java.base/jdk.internal.reflect.NativeMethodAccessorImpl.invoke(NativeMethodAccessorImpl.java:62)
	at java.base/jdk.internal.reflect.DelegatingMethodAccessorImpl.invoke(DelegatingMethodAccessorImpl.java:43)
	at java.base/java.lang.reflect.Method.invoke(Method.java:566)
	at org.junit.runners.model.FrameworkMethod$1.runReflectiveCall(FrameworkMethod.java:59)
	at org.junit.internal.runners.model.ReflectiveCallable.run(ReflectiveCallable.java:12)
	at org.junit.runners.model.FrameworkMethod.invokeExplosively(FrameworkMethod.java:56)
	at org.junit.internal.runners.statements.RunBefores.invokeMethod(RunBefores.java:33)
	at org.junit.internal.runners.statements.RunBefores.evaluate(RunBefores.java:24)
	at org.junit.internal.runners.statements.RunAfters.evaluate(RunAfters.java:27)
	at org.junit.runners.ParentRunner$3.evaluate(ParentRunner.java:306)
	at org.junit.runners.ParentRunner.run(ParentRunner.java:413)
	at org.apache.maven.surefire.junit4.JUnit4Provider.execute(JUnit4Provider.java:252)
	at org.apache.maven.surefire.junit4.JUnit4Provider.executeTestSet(JUnit4Provider.java:141)
	at org.apache.maven.surefire.junit4.JUnit4Provider.invoke(JUnit4Provider.java:112)
	at java.base/jdk.internal.reflect.NativeMethodAccessorImpl.invoke0(Native Method)
	at java.base/jdk.internal.reflect.NativeMethodAccessorImpl.invoke(NativeMethodAccessorImpl.java:62)
	at java.base/jdk.internal.reflect.DelegatingMethodAccessorImpl.invoke(DelegatingMethodAccessorImpl.java:43)
	at java.base/java.lang.reflect.Method.invoke(Method.java:566)
	at org.apache.maven.surefire.util.ReflectionUtils.invokeMethodWithArray(ReflectionUtils.java:189)
	at org.apache.maven.surefire.booter.ProviderFactory$ProviderProxy.invoke(ProviderFactory.java:165)
	at org.apache.maven.surefire.booter.ProviderFactory.invokeProvider(ProviderFactory.java:85)
	at org.apache.maven.surefire.booter.ForkedBooter.runSuitesInProcess(ForkedBooter.java:115)
	at org.apache.maven.surefire.booter.ForkedBooter.main(ForkedBooter.java:75)
</error>
    <system-out>[INFO] [12/22/2021 22:46:49.836] [main] [akka.remote.Remoting] Starting remoting
[INFO] [12/22/2021 22:46:50.754] [main] [akka.remote.Remoting] Remoting started; listening on addresses :[akka.tcp://default@127.0.0.1:2552]
[INFO] [12/22/2021 22:46:50.759] [main] [akka.remote.Remoting] Remoting now listens on addresses: [akka.tcp://default@127.0.0.1:2552]
[INFO] [12/22/2021 22:46:50.816] [main] [akka.cluster.Cluster(akka://default)] Cluster Node [akka.tcp://default@127.0.0.1:2552] - Starting up, Akka version [2.6.0-M3] ...
[INFO] [12/22/2021 22:46:51.142] [main] [akka.cluster.Cluster(akka://default)] Cluster Node [akka.tcp://default@127.0.0.1:2552] - Registered cluster JMX MBean [akka:type=Cluster]
[INFO] [12/22/2021 22:46:51.143] [main] [akka.cluster.Cluster(akka://default)] Cluster Node [akka.tcp://default@127.0.0.1:2552] - Started up successfully
[INFO] [12/22/2021 22:46:51.222] [default-akka.actor.internal-dispatcher-3] [akka.cluster.Cluster(akka://default)] Cluster Node [akka.tcp://default@127.0.0.1:2552] - No seed-nodes configured, manual cluster join required, see https://doc.akka.io/docs/akka/current/cluster-usage.html#joining-to-seed-nodes
</system-out>
  </testcase>
  <testcase classname="CatalogueUnitTest" name="CatalogueUnitTest" time="5.476">
    <error type="java.lang.NullPointerException">java.lang.NullPointerException
	at akka.testkit.TestKit$.shutdownActorSystem(TestKit.scala:967)
	at akka.testkit.javadsl.TestKit$.shutdownActorSystem(TestKit.scala:858)
	at akka.testkit.javadsl.TestKit$.shutdownActorSystem(TestKit.scala:866)
	at akka.testkit.javadsl.TestKit.shutdownActorSystem(TestKit.scala)
	at CatalogueUnitTest.teardown(CatalogueUnitTest.java:33)
	at java.base/jdk.internal.reflect.NativeMethodAccessorImpl.invoke0(Native Method)
	at java.base/jdk.internal.reflect.NativeMethodAccessorImpl.invoke(NativeMethodAccessorImpl.java:62)
	at java.base/jdk.internal.reflect.DelegatingMethodAccessorImpl.invoke(DelegatingMethodAccessorImpl.java:43)
	at java.base/java.lang.reflect.Method.invoke(Method.java:566)
	at org.junit.runners.model.FrameworkMethod$1.runReflectiveCall(FrameworkMethod.java:59)
	at org.junit.internal.runners.model.ReflectiveCallable.run(ReflectiveCallable.java:12)
	at org.junit.runners.model.FrameworkMethod.invokeExplosively(FrameworkMethod.java:56)
	at org.junit.internal.runners.statements.RunAfters.invokeMethod(RunAfters.java:46)
	at org.junit.internal.runners.statements.RunAfters.evaluate(RunAfters.java:33)
	at org.junit.runners.ParentRunner$3.evaluate(ParentRunner.java:306)
	at org.junit.runners.ParentRunner.run(ParentRunner.java:413)
	at org.apache.maven.surefire.junit4.JUnit4Provider.execute(JUnit4Provider.java:252)
	at org.apache.maven.surefire.junit4.JUnit4Provider.executeTestSet(JUnit4Provider.java:141)
	at org.apache.maven.surefire.junit4.JUnit4Provider.invoke(JUnit4Provider.java:112)
	at java.base/jdk.internal.reflect.NativeMethodAccessorImpl.invoke0(Native Method)
	at java.base/jdk.internal.reflect.NativeMethodAccessorImpl.invoke(NativeMethodAccessorImpl.java:62)
	at java.base/jdk.internal.reflect.DelegatingMethodAccessorImpl.invoke(DelegatingMethodAccessorImpl.java:43)
	at java.base/java.lang.reflect.Method.invoke(Method.java:566)
	at org.apache.maven.surefire.util.ReflectionUtils.invokeMethodWithArray(ReflectionUtils.java:189)
	at org.apache.maven.surefire.booter.ProviderFactory$ProviderProxy.invoke(ProviderFactory.java:165)
	at org.apache.maven.surefire.booter.ProviderFactory.invokeProvider(ProviderFactory.java:85)
	at org.apache.maven.surefire.booter.ForkedBooter.runSuitesInProcess(ForkedBooter.java:115)
	at org.apache.maven.surefire.booter.ForkedBooter.main(ForkedBooter.java:75)
</error>
    <system-out>[ERROR] [12/22/2021 22:46:52.628] [default-akka.actor.internal-dispatcher-20] [akka.tcp://default@127.0.0.1:2552/system/clusterReceptionist] messages.catalogue.MySerializable
akka.actor.ActorInitializationException: akka://default/system/clusterReceptionist/replicator: exception during creation
	at akka.actor.ActorInitializationException$.apply(Actor.scala:202)
	at akka.actor.ActorCell.create(ActorCell.scala:654)
	at akka.actor.ActorCell.invokeAll$1(ActorCell.scala:507)
	at akka.actor.ActorCell.systemInvoke(ActorCell.scala:529)
	at akka.dispatch.Mailbox.processAllSystemMessages(Mailbox.scala:294)
	at akka.dispatch.Mailbox.run(Mailbox.scala:229)
	at akka.dispatch.Mailbox.exec(Mailbox.scala:242)
	at java.base/java.util.concurrent.ForkJoinTask.doExec(ForkJoinTask.java:290)
	at java.base/java.util.concurrent.ForkJoinPool$WorkQueue.topLevelExec(ForkJoinPool.java:1020)
	at java.base/java.util.concurrent.ForkJoinPool.scan(ForkJoinPool.java:1656)
	at java.base/java.util.concurrent.ForkJoinPool.runWorker(ForkJoinPool.java:1594)
	at java.base/java.util.concurrent.ForkJoinWorkerThread.run(ForkJoinWorkerThread.java:183)
Caused by: java.lang.ClassNotFoundException: messages.catalogue.MySerializable
	at java.base/jdk.internal.loader.BuiltinClassLoader.loadClass(BuiltinClassLoader.java:581)
	at java.base/jdk.internal.loader.ClassLoaders$AppClassLoader.loadClass(ClassLoaders.java:178)
	at java.base/java.lang.ClassLoader.loadClass(ClassLoader.java:522)
	at java.base/java.lang.Class.forName0(Native Method)
	at java.base/java.lang.Class.forName(Class.java:398)
	at akka.actor.ReflectiveDynamicAccess.$anonfun$getClassFor$1(ReflectiveDynamicAccess.scala:22)
	at scala.util.Try$.apply(Try.scala:213)
	at akka.actor.ReflectiveDynamicAccess.getClassFor(ReflectiveDynamicAccess.scala:21)
	at akka.serialization.Serialization.$anonfun$bindings$3(Serialization.scala:454)
	at scala.collection.TraversableLike$WithFilter.$anonfun$map$2(TraversableLike.scala:742)
	at scala.collection.immutable.HashMap$HashMap1.foreach(HashMap.scala:234)
	at scala.collection.immutable.HashMap$HashTrieMap.foreach(HashMap.scala:465)
	at scala.collection.immutable.HashMap$HashTrieMap.foreach(HashMap.scala:465)
	at scala.collection.TraversableLike$WithFilter.map(TraversableLike.scala:741)
	at akka.serialization.Serialization.&lt;init&gt;(Serialization.scala:452)
	at akka.serialization.SerializationExtension$.createExtension(SerializationExtension.scala:16)
	at akka.serialization.SerializationExtension$.createExtension(SerializationExtension.scala:13)
	at akka.actor.ActorSystemImpl.registerExtension(ActorSystem.scala:1071)
	at akka.actor.ActorSystemImpl.$anonfun$loadExtensions$1(ActorSystem.scala:1109)
	at scala.collection.Iterator.foreach(Iterator.scala:941)
	at scala.collection.Iterator.foreach$(Iterator.scala:941)
	at scala.collection.AbstractIterator.foreach(Iterator.scala:1429)
	at scala.collection.IterableLike.foreach(IterableLike.scala:74)
	at scala.collection.IterableLike.foreach$(IterableLike.scala:73)
	at scala.collection.AbstractIterable.foreach(Iterable.scala:56)
	at akka.actor.ActorSystemImpl.loadExtensions$1(ActorSystem.scala:1105)
	at akka.actor.ActorSystemImpl.loadExtensions(ActorSystem.scala:1121)
	at akka.actor.ActorSystemImpl.liftedTree2$1(ActorSystem.scala:969)
	at akka.actor.ActorSystemImpl._start$lzycompute(ActorSystem.scala:957)
	at akka.actor.ActorSystemImpl._start(ActorSystem.scala:957)
	at akka.actor.ActorSystemImpl.start(ActorSystem.scala:979)
	at akka.actor.ActorSystem$.apply(ActorSystem.scala:278)
	at akka.actor.ActorSystem$.apply(ActorSystem.scala:322)
	at akka.actor.ActorSystem$.apply(ActorSystem.scala:266)
	at akka.actor.ActorSystem$.apply(ActorSystem.scala:257)
	at akka.actor.ActorSystem$.create(ActorSystem.scala:187)
	at akka.actor.ActorSystem.create(ActorSystem.scala)
	at CatalogueUnitTest.setup(CatalogueUnitTest.java:26)
	at java.base/jdk.internal.reflect.NativeMethodAccessorImpl.invoke0(Native Method)
	at java.base/jdk.internal.reflect.NativeMethodAccessorImpl.invoke(NativeMethodAccessorImpl.java:62)
	at java.base/jdk.internal.reflect.DelegatingMethodAccessorImpl.invoke(DelegatingMethodAccessorImpl.java:43)
	at java.base/java.lang.reflect.Method.invoke(Method.java:566)
	at org.junit.runners.model.FrameworkMethod$1.runReflectiveCall(FrameworkMethod.java:59)
	at org.junit.internal.runners.model.ReflectiveCallable.run(ReflectiveCallable.java:12)
	at org.junit.runners.model.FrameworkMethod.invokeExplosively(FrameworkMethod.java:56)
	at org.junit.internal.runners.statements.RunBefores.invokeMethod(RunBefores.java:33)
	at org.junit.internal.runners.statements.RunBefores.evaluate(RunBefores.java:24)
	at org.junit.internal.runners.statements.RunAfters.evaluate(RunAfters.java:27)
	at org.junit.runners.ParentRunner$3.evaluate(ParentRunner.java:306)
	at org.junit.runners.ParentRunner.run(ParentRunner.java:413)
	at org.apache.maven.surefire.junit4.JUnit4Provider.execute(JUnit4Provider.java:252)
	at org.apache.maven.surefire.junit4.JUnit4Provider.executeTestSet(JUnit4Provider.java:141)
	at org.apache.maven.surefire.junit4.JUnit4Provider.invoke(JUnit4Provider.java:112)
	at java.base/jdk.internal.reflect.NativeMethodAccessorImpl.invoke0(Native Method)
	at java.base/jdk.internal.reflect.NativeMethodAccessorImpl.invoke(NativeMethodAccessorImpl.java:62)
	at java.base/jdk.internal.reflect.DelegatingMethodAccessorImpl.invoke(DelegatingMethodAccessorImpl.java:43)
	at java.base/java.lang.reflect.Method.invoke(Method.java:566)
	at org.apache.maven.surefire.util.ReflectionUtils.invokeMethodWithArray(ReflectionUtils.java:189)
	at org.apache.maven.surefire.booter.ProviderFactory$ProviderProxy.invoke(ProviderFactory.java:165)
	at org.apache.maven.surefire.booter.ProviderFactory.invokeProvider(ProviderFactory.java:85)
	at org.apache.maven.surefire.booter.ForkedBooter.runSuitesInProcess(ForkedBooter.java:115)
	at org.apache.maven.surefire.booter.ForkedBooter.main(ForkedBooter.java:75)

[ERROR] [12/22/2021 22:46:52.634] [default-akka.actor.internal-dispatcher-16] [akka://default/system/clusterReceptionist/replicator] changing Recreate into Create after akka.actor.ActorInitializationException: akka://default/system/clusterReceptionist/replicator: exception during creation
</system-out>
  </testcase>
</testsuite>